<?xml version="1.0" encoding="UTF-8"?>
<coverage generated="1428879426">
  <project timestamp="1428879426">
    <package name="Ahlin\Bundle\MailerBundle">
      <file name="/Users/tomaz/Web/tomazahlin/symfony-mailer-bundle/src/Ahlin/Bundle/MailerBundle/AhlinMailerBundle.php">
        <class name="AhlinMailerBundle" namespace="Ahlin\Bundle\MailerBundle">
          <metrics methods="1" coveredmethods="0" conditionals="0" coveredconditionals="0" statements="4" coveredstatements="0" elements="5" coveredelements="0"/>
        </class>
        <line num="11" type="method" name="build" crap="2" count="0"/>
        <line num="12" type="stmt" count="0"/>
        <line num="13" type="stmt" count="0"/>
        <line num="14" type="stmt" count="0"/>
        <line num="15" type="stmt" count="0"/>
        <metrics loc="16" ncloc="16" classes="1" methods="1" coveredmethods="0" conditionals="0" coveredconditionals="0" statements="4" coveredstatements="0" elements="5" coveredelements="0"/>
      </file>
      <file name="/Users/tomaz/Web/tomazahlin/symfony-mailer-bundle/src/Ahlin/Bundle/MailerBundle/Mailing.php">
        <class name="Mailing" namespace="Ahlin\Bundle\MailerBundle">
          <metrics methods="3" coveredmethods="3" conditionals="0" coveredconditionals="0" statements="5" coveredstatements="5" elements="8" coveredelements="8"/>
        </class>
        <line num="30" type="method" name="__construct" crap="1" count="3"/>
        <line num="32" type="stmt" count="3"/>
        <line num="33" type="stmt" count="3"/>
        <line num="34" type="stmt" count="3"/>
        <line num="40" type="method" name="getMailer" crap="1" count="1"/>
        <line num="42" type="stmt" count="1"/>
        <line num="49" type="method" name="getFactory" crap="1" count="1"/>
        <line num="51" type="stmt" count="1"/>
        <metrics loc="53" ncloc="30" classes="1" methods="3" coveredmethods="3" conditionals="0" coveredconditionals="0" statements="5" coveredstatements="5" elements="8" coveredelements="8"/>
      </file>
    </package>
    <package name="Ahlin\Bundle\MailerBundle\DependencyInjection">
      <file name="/Users/tomaz/Web/tomazahlin/symfony-mailer-bundle/src/Ahlin/Bundle/MailerBundle/DependencyInjection/AhlinMailerExtension.php">
        <class name="AhlinMailerExtension" namespace="Ahlin\Bundle\MailerBundle\DependencyInjection">
          <metrics methods="2" coveredmethods="0" conditionals="0" coveredconditionals="0" statements="13" coveredstatements="0" elements="15" coveredelements="0"/>
        </class>
        <line num="20" type="method" name="load" crap="6" count="0"/>
        <line num="21" type="stmt" count="0"/>
        <line num="22" type="stmt" count="0"/>
        <line num="23" type="stmt" count="0"/>
        <line num="25" type="stmt" count="0"/>
        <line num="27" type="stmt" count="0"/>
        <line num="28" type="stmt" count="0"/>
        <line num="30" type="stmt" count="0"/>
        <line num="31" type="stmt" count="0"/>
        <line num="32" type="stmt" count="0"/>
        <line num="33" type="stmt" count="0"/>
        <line num="38" type="method" name="getAlias" crap="2" count="0"/>
        <line num="39" type="stmt" count="0"/>
        <line num="40" type="stmt" count="0"/>
        <line num="41" type="stmt" count="0"/>
        <metrics loc="42" ncloc="31" classes="1" methods="2" coveredmethods="0" conditionals="0" coveredconditionals="0" statements="13" coveredstatements="0" elements="15" coveredelements="0"/>
      </file>
      <file name="/Users/tomaz/Web/tomazahlin/symfony-mailer-bundle/src/Ahlin/Bundle/MailerBundle/DependencyInjection/Configuration.php">
        <class name="Configuration" namespace="Ahlin\Bundle\MailerBundle\DependencyInjection">
          <metrics methods="1" coveredmethods="0" conditionals="0" coveredconditionals="0" statements="5" coveredstatements="0" elements="6" coveredelements="0"/>
        </class>
        <line num="18" type="method" name="getConfigTreeBuilder" crap="2" count="0"/>
        <line num="19" type="stmt" count="0"/>
        <line num="20" type="stmt" count="0"/>
        <line num="21" type="stmt" count="0"/>
        <line num="23" type="stmt" count="0"/>
        <line num="24" type="stmt" count="0"/>
        <metrics loc="25" ncloc="17" classes="1" methods="1" coveredmethods="0" conditionals="0" coveredconditionals="0" statements="5" coveredstatements="0" elements="6" coveredelements="0"/>
      </file>
    </package>
    <package name="Ahlin\Bundle\MailerBundle\DependencyInjection\Compiler">
      <file name="/Users/tomaz/Web/tomazahlin/symfony-mailer-bundle/src/Ahlin/Bundle/MailerBundle/DependencyInjection/Compiler/MailerTemplateMappingPass.php">
        <class name="MailerTemplateMappingPass" namespace="Ahlin\Bundle\MailerBundle\DependencyInjection\Compiler">
          <metrics methods="1" coveredmethods="0" conditionals="0" coveredconditionals="0" statements="9" coveredstatements="0" elements="10" coveredelements="0"/>
        </class>
        <line num="15" type="method" name="process" crap="6" count="0"/>
        <line num="16" type="stmt" count="0"/>
        <line num="17" type="stmt" count="0"/>
        <line num="19" type="stmt" count="0"/>
        <line num="20" type="stmt" count="0"/>
        <line num="21" type="stmt" count="0"/>
        <line num="23" type="stmt" count="0"/>
        <line num="24" type="stmt" count="0"/>
        <line num="25" type="stmt" count="0"/>
        <line num="26" type="stmt" count="0"/>
        <metrics loc="27" ncloc="23" classes="1" methods="1" coveredmethods="0" conditionals="0" coveredconditionals="0" statements="9" coveredstatements="0" elements="10" coveredelements="0"/>
      </file>
    </package>
    <package name="Ahlin\Bundle\MailerBundle\Event\Listener">
      <file name="/Users/tomaz/Web/tomazahlin/symfony-mailer-bundle/src/Ahlin/Bundle/MailerBundle/Event/Listener/TerminateListener.php">
        <class name="TerminateListener" namespace="Ahlin\Bundle\MailerBundle\Event\Listener">
          <metrics methods="2" coveredmethods="0" conditionals="0" coveredconditionals="0" statements="8" coveredstatements="0" elements="10" coveredelements="0"/>
        </class>
        <line num="21" type="method" name="__construct" crap="2" count="0"/>
        <line num="22" type="stmt" count="0"/>
        <line num="23" type="stmt" count="0"/>
        <line num="24" type="stmt" count="0"/>
        <line num="29" type="method" name="execute" crap="6" count="0"/>
        <line num="30" type="stmt" count="0"/>
        <line num="31" type="stmt" count="0"/>
        <line num="32" type="stmt" count="0"/>
        <line num="33" type="stmt" count="0"/>
        <line num="34" type="stmt" count="0"/>
        <metrics loc="34" ncloc="22" classes="1" methods="2" coveredmethods="0" conditionals="0" coveredconditionals="0" statements="8" coveredstatements="0" elements="10" coveredelements="0"/>
      </file>
    </package>
    <package name="Ahlin\Bundle\MailerBundle\Exception">
      <file name="/Users/tomaz/Web/tomazahlin/symfony-mailer-bundle/src/Ahlin/Bundle/MailerBundle/Exception/MailException.php">
        <class name="MailException" namespace="Ahlin\Bundle\MailerBundle\Exception">
          <metrics methods="1" coveredmethods="0" conditionals="0" coveredconditionals="0" statements="3" coveredstatements="0" elements="4" coveredelements="0"/>
        </class>
        <line num="14" type="method" name="__construct" crap="2" count="0"/>
        <line num="15" type="stmt" count="0"/>
        <line num="16" type="stmt" count="0"/>
        <line num="17" type="stmt" count="0"/>
        <metrics loc="18" ncloc="11" classes="1" methods="1" coveredmethods="0" conditionals="0" coveredconditionals="0" statements="3" coveredstatements="0" elements="4" coveredelements="0"/>
      </file>
      <file name="/Users/tomaz/Web/tomazahlin/symfony-mailer-bundle/src/Ahlin/Bundle/MailerBundle/Exception/MailerException.php">
        <class name="MailerException" namespace="Ahlin\Bundle\MailerBundle\Exception">
          <metrics methods="1" coveredmethods="1" conditionals="0" coveredconditionals="0" statements="2" coveredstatements="2" elements="3" coveredelements="3"/>
        </class>
        <line num="16" type="method" name="__construct" crap="1" count="2"/>
        <line num="18" type="stmt" count="2"/>
        <line num="19" type="stmt" count="2"/>
        <metrics loc="20" ncloc="13" classes="1" methods="1" coveredmethods="1" conditionals="0" coveredconditionals="0" statements="2" coveredstatements="2" elements="3" coveredelements="3"/>
      </file>
      <file name="/Users/tomaz/Web/tomazahlin/symfony-mailer-bundle/src/Ahlin/Bundle/MailerBundle/Exception/MailingException.php">
        <class name="MailingException" namespace="Ahlin\Bundle\MailerBundle\Exception">
          <metrics methods="1" coveredmethods="1" conditionals="0" coveredconditionals="0" statements="2" coveredstatements="2" elements="3" coveredelements="3"/>
        </class>
        <line num="17" type="method" name="__construct" crap="1" count="2"/>
        <line num="19" type="stmt" count="2"/>
        <line num="20" type="stmt" count="2"/>
        <metrics loc="21" ncloc="14" classes="1" methods="1" coveredmethods="1" conditionals="0" coveredconditionals="0" statements="2" coveredstatements="2" elements="3" coveredelements="3"/>
      </file>
    </package>
    <package name="Ahlin\Bundle\MailerBundle\Factory">
      <file name="/Users/tomaz/Web/tomazahlin/symfony-mailer-bundle/src/Ahlin/Bundle/MailerBundle/Factory/MailFactory.php">
        <class name="MailFactory" namespace="Ahlin\Bundle\MailerBundle\Factory">
          <metrics methods="3" coveredmethods="2" conditionals="0" coveredconditionals="0" statements="10" coveredstatements="8" elements="13" coveredelements="10"/>
        </class>
        <line num="24" type="method" name="__construct" crap="1" count="5"/>
        <line num="26" type="stmt" count="5"/>
        <line num="27" type="stmt" count="5"/>
        <line num="38" type="method" name="create" crap="2" count="2"/>
        <line num="45" type="stmt" count="2"/>
        <line num="46" type="stmt" count="1"/>
        <line num="47" type="stmt" count="1"/>
        <line num="48" type="stmt" count="2"/>
        <line num="59" type="method" name="createAdvanced" crap="2.50" count="2"/>
        <line num="65" type="stmt" count="2"/>
        <line num="66" type="stmt" count="0"/>
        <line num="67" type="stmt" count="0"/>
        <line num="68" type="stmt" count="2"/>
        <metrics loc="70" ncloc="43" classes="1" methods="3" coveredmethods="2" conditionals="0" coveredconditionals="0" statements="10" coveredstatements="8" elements="13" coveredelements="10"/>
      </file>
    </package>
    <package name="Ahlin\Bundle\MailerBundle\Mailer">
      <file name="/Users/tomaz/Web/tomazahlin/symfony-mailer-bundle/src/Ahlin/Bundle/MailerBundle/Mailer/Mailer.php">
        <class name="Mailer" namespace="Ahlin\Bundle\MailerBundle\Mailer">
          <metrics methods="5" coveredmethods="4" conditionals="0" coveredconditionals="0" statements="22" coveredstatements="21" elements="27" coveredelements="25"/>
        </class>
        <line num="37" type="method" name="__construct" crap="1" count="6"/>
        <line num="39" type="stmt" count="6"/>
        <line num="40" type="stmt" count="6"/>
        <line num="41" type="stmt" count="6"/>
        <line num="42" type="stmt" count="6"/>
        <line num="43" type="stmt" count="6"/>
        <line num="48" type="method" name="enqueue" crap="1" count="3"/>
        <line num="50" type="stmt" count="3"/>
        <line num="51" type="stmt" count="3"/>
        <line num="52" type="stmt" count="3"/>
        <line num="57" type="method" name="send" crap="2.03" count="1"/>
        <line num="60" type="stmt" count="1"/>
        <line num="61" type="stmt" count="1"/>
        <line num="62" type="stmt" count="1"/>
        <line num="63" type="stmt" count="0"/>
        <line num="65" type="stmt" count="1"/>
        <line num="70" type="method" name="sendFirstFromQueue" crap="2" count="3"/>
        <line num="72" type="stmt" count="3"/>
        <line num="73" type="stmt" count="1"/>
        <line num="75" type="stmt" count="2"/>
        <line num="76" type="stmt" count="2"/>
        <line num="77" type="stmt" count="2"/>
        <line num="82" type="method" name="sendAllFromQueue" crap="2" count="1"/>
        <line num="84" type="stmt" count="1"/>
        <line num="85" type="stmt" count="1"/>
        <line num="86" type="stmt" count="1"/>
        <line num="87" type="stmt" count="1"/>
        <metrics loc="88" ncloc="59" classes="1" methods="5" coveredmethods="4" conditionals="0" coveredconditionals="0" statements="22" coveredstatements="21" elements="27" coveredelements="25"/>
      </file>
    </package>
    <file name="/Users/tomaz/Web/tomazahlin/symfony-mailer-bundle/src/Ahlin/Bundle/MailerBundle/Mailer/MailerInterface.php">
      <metrics loc="17" ncloc="11" classes="0" methods="0" coveredmethods="0" conditionals="0" coveredconditionals="0" statements="0" coveredstatements="0" elements="0" coveredelements="0"/>
    </file>
    <file name="/Users/tomaz/Web/tomazahlin/symfony-mailer-bundle/src/Ahlin/Bundle/MailerBundle/Mailer/QueueableMailerInterface.php">
      <metrics loc="29" ncloc="15" classes="0" methods="0" coveredmethods="0" conditionals="0" coveredconditionals="0" statements="0" coveredstatements="0" elements="0" coveredelements="0"/>
    </file>
    <package name="Ahlin\Bundle\MailerBundle\Mapping">
      <file name="/Users/tomaz/Web/tomazahlin/symfony-mailer-bundle/src/Ahlin/Bundle/MailerBundle/Mapping/DefaultMapping.php">
        <class name="DefaultMapping" namespace="Ahlin\Bundle\MailerBundle\Mapping">
          <metrics methods="1" coveredmethods="1" conditionals="0" coveredconditionals="0" statements="1" coveredstatements="1" elements="2" coveredelements="2"/>
        </class>
        <line num="17" type="method" name="getMappings" crap="1" count="4"/>
        <line num="19" type="stmt" count="4"/>
        <metrics loc="21" ncloc="15" classes="1" methods="1" coveredmethods="1" conditionals="0" coveredconditionals="0" statements="1" coveredstatements="1" elements="2" coveredelements="2"/>
      </file>
    </package>
    <file name="/Users/tomaz/Web/tomazahlin/symfony-mailer-bundle/src/Ahlin/Bundle/MailerBundle/Mapping/TemplateMappingInterface.php">
      <metrics loc="19" ncloc="8" classes="0" methods="0" coveredmethods="0" conditionals="0" coveredconditionals="0" statements="0" coveredstatements="0" elements="0" coveredelements="0"/>
    </file>
    <package name="Ahlin\Bundle\MailerBundle\Model">
      <file name="/Users/tomaz/Web/tomazahlin/symfony-mailer-bundle/src/Ahlin/Bundle/MailerBundle/Model/AbstractMail.php">
        <class name="AbstractMail" namespace="Ahlin\Bundle\MailerBundle\Model">
          <metrics methods="6" coveredmethods="5" conditionals="0" coveredconditionals="0" statements="15" coveredstatements="11" elements="21" coveredelements="16"/>
        </class>
        <line num="50" type="method" name="init" crap="1" count="17"/>
        <line num="56" type="stmt" count="17"/>
        <line num="57" type="stmt" count="17"/>
        <line num="58" type="stmt" count="17"/>
        <line num="59" type="stmt" count="17"/>
        <line num="60" type="stmt" count="17"/>
        <line num="65" type="method" name="addParameter" crap="6" count="0"/>
        <line num="67" type="stmt" count="0"/>
        <line num="68" type="stmt" count="0"/>
        <line num="70" type="stmt" count="0"/>
        <line num="71" type="stmt" count="0"/>
        <line num="77" type="method" name="getTemplate" crap="1" count="2"/>
        <line num="79" type="stmt" count="2"/>
        <line num="85" type="method" name="getPriority" crap="1" count="2"/>
        <line num="87" type="stmt" count="2"/>
        <line num="94" type="method" name="createSwiftMessage" crap="1" count="2"/>
        <line num="96" type="stmt" count="2"/>
        <line num="97" type="stmt" count="2"/>
        <line num="98" type="stmt" count="2"/>
        <line num="108" type="method" name="getUserModel" crap="1" count="17"/>
        <line num="110" type="stmt" count="17"/>
        <metrics loc="112" ncloc="65" classes="1" methods="6" coveredmethods="5" conditionals="0" coveredconditionals="0" statements="15" coveredstatements="11" elements="21" coveredelements="16"/>
      </file>
      <file name="/Users/tomaz/Web/tomazahlin/symfony-mailer-bundle/src/Ahlin/Bundle/MailerBundle/Model/AdvancedMail.php">
        <class name="AdvancedMail" namespace="Ahlin\Bundle\MailerBundle\Model">
          <metrics methods="10" coveredmethods="10" conditionals="0" coveredconditionals="0" statements="36" coveredstatements="36" elements="46" coveredelements="46"/>
        </class>
        <line num="38" type="method" name="__construct" crap="1" count="11"/>
        <line num="44" type="stmt" count="11"/>
        <line num="45" type="stmt" count="11"/>
        <line num="46" type="stmt" count="11"/>
        <line num="47" type="stmt" count="11"/>
        <line num="48" type="stmt" count="11"/>
        <line num="55" type="method" name="addRecipients" crap="2" count="2"/>
        <line num="57" type="stmt" count="2"/>
        <line num="58" type="stmt" count="2"/>
        <line num="59" type="stmt" count="2"/>
        <line num="60" type="stmt" count="2"/>
        <line num="66" type="method" name="addRecipient" crap="1" count="3"/>
        <line num="68" type="stmt" count="3"/>
        <line num="69" type="stmt" count="3"/>
        <line num="70" type="stmt" count="3"/>
        <line num="76" type="method" name="getRecipients" crap="1" count="2"/>
        <line num="78" type="stmt" count="2"/>
        <line num="86" type="method" name="addBccRecipients" crap="2" count="2"/>
        <line num="88" type="stmt" count="2"/>
        <line num="89" type="stmt" count="2"/>
        <line num="90" type="stmt" count="2"/>
        <line num="91" type="stmt" count="2"/>
        <line num="98" type="method" name="addBccRecipient" crap="1" count="3"/>
        <line num="100" type="stmt" count="3"/>
        <line num="101" type="stmt" count="3"/>
        <line num="102" type="stmt" count="3"/>
        <line num="108" type="method" name="getBccRecipients" crap="1" count="2"/>
        <line num="110" type="stmt" count="2"/>
        <line num="118" type="method" name="addAttachment" crap="1" count="2"/>
        <line num="120" type="stmt" count="2"/>
        <line num="121" type="stmt" count="2"/>
        <line num="127" type="method" name="getAttachments" crap="1" count="1"/>
        <line num="129" type="stmt" count="1"/>
        <line num="135" type="method" name="transform" crap="4" count="1"/>
        <line num="137" type="stmt" count="1"/>
        <line num="139" type="stmt" count="1"/>
        <line num="140" type="stmt" count="1"/>
        <line num="141" type="stmt" count="1"/>
        <line num="143" type="stmt" count="1"/>
        <line num="144" type="stmt" count="1"/>
        <line num="145" type="stmt" count="1"/>
        <line num="147" type="stmt" count="1"/>
        <line num="149" type="stmt" count="1"/>
        <line num="150" type="stmt" count="1"/>
        <line num="152" type="stmt" count="1"/>
        <line num="154" type="stmt" count="1"/>
        <metrics loc="156" ncloc="98" classes="1" methods="10" coveredmethods="10" conditionals="0" coveredconditionals="0" statements="36" coveredstatements="36" elements="46" coveredelements="46"/>
      </file>
      <file name="/Users/tomaz/Web/tomazahlin/symfony-mailer-bundle/src/Ahlin/Bundle/MailerBundle/Model/Attachment.php">
        <class name="Attachment" namespace="Ahlin\Bundle\MailerBundle\Model">
          <metrics methods="4" coveredmethods="4" conditionals="0" coveredconditionals="0" statements="7" coveredstatements="7" elements="11" coveredelements="11"/>
        </class>
        <line num="30" type="method" name="__construct" crap="1" count="5"/>
        <line num="32" type="stmt" count="5"/>
        <line num="33" type="stmt" count="5"/>
        <line num="34" type="stmt" count="5"/>
        <line num="35" type="stmt" count="5"/>
        <line num="41" type="method" name="getContentType" crap="1" count="1"/>
        <line num="43" type="stmt" count="1"/>
        <line num="50" type="method" name="getData" crap="1" count="1"/>
        <line num="52" type="stmt" count="1"/>
        <line num="59" type="method" name="getFilename" crap="1" count="1"/>
        <line num="61" type="stmt" count="1"/>
        <metrics loc="63" ncloc="34" classes="1" methods="4" coveredmethods="4" conditionals="0" coveredconditionals="0" statements="7" coveredstatements="7" elements="11" coveredelements="11"/>
      </file>
      <file name="/Users/tomaz/Web/tomazahlin/symfony-mailer-bundle/src/Ahlin/Bundle/MailerBundle/Model/SimpleMail.php">
        <class name="SimpleMail" namespace="Ahlin\Bundle\MailerBundle\Model">
          <metrics methods="2" coveredmethods="2" conditionals="0" coveredconditionals="0" statements="7" coveredstatements="7" elements="9" coveredelements="9"/>
        </class>
        <line num="28" type="method" name="__construct" crap="1" count="6"/>
        <line num="35" type="stmt" count="6"/>
        <line num="36" type="stmt" count="6"/>
        <line num="37" type="stmt" count="6"/>
        <line num="42" type="method" name="transform" crap="1" count="1"/>
        <line num="44" type="stmt" count="1"/>
        <line num="45" type="stmt" count="1"/>
        <line num="47" type="stmt" count="1"/>
        <line num="49" type="stmt" count="1"/>
        <metrics loc="51" ncloc="34" classes="1" methods="2" coveredmethods="2" conditionals="0" coveredconditionals="0" statements="7" coveredstatements="7" elements="9" coveredelements="9"/>
      </file>
      <file name="/Users/tomaz/Web/tomazahlin/symfony-mailer-bundle/src/Ahlin/Bundle/MailerBundle/Model/User.php">
        <class name="User" namespace="Ahlin\Bundle\MailerBundle\Model">
          <metrics methods="3" coveredmethods="3" conditionals="0" coveredconditionals="0" statements="5" coveredstatements="5" elements="8" coveredelements="8"/>
        </class>
        <line num="27" type="method" name="__construct" crap="1" count="20"/>
        <line num="29" type="stmt" count="20"/>
        <line num="30" type="stmt" count="20"/>
        <line num="31" type="stmt" count="20"/>
        <line num="36" type="method" name="getEmail" crap="1" count="3"/>
        <line num="38" type="stmt" count="3"/>
        <line num="44" type="method" name="getFullName" crap="1" count="3"/>
        <line num="46" type="stmt" count="3"/>
        <metrics loc="48" ncloc="28" classes="1" methods="3" coveredmethods="3" conditionals="0" coveredconditionals="0" statements="5" coveredstatements="5" elements="8" coveredelements="8"/>
      </file>
    </package>
    <file name="/Users/tomaz/Web/tomazahlin/symfony-mailer-bundle/src/Ahlin/Bundle/MailerBundle/Model/Interfaces/MailInterface.php">
      <metrics loc="30" ncloc="15" classes="0" methods="0" coveredmethods="0" conditionals="0" coveredconditionals="0" statements="0" coveredstatements="0" elements="0" coveredelements="0"/>
    </file>
    <file name="/Users/tomaz/Web/tomazahlin/symfony-mailer-bundle/src/Ahlin/Bundle/MailerBundle/Model/Interfaces/MailParameterInterface.php">
      <metrics loc="17" ncloc="10" classes="0" methods="0" coveredmethods="0" conditionals="0" coveredconditionals="0" statements="0" coveredstatements="0" elements="0" coveredelements="0"/>
    </file>
    <file name="/Users/tomaz/Web/tomazahlin/symfony-mailer-bundle/src/Ahlin/Bundle/MailerBundle/Model/Interfaces/MailUserInterface.php">
      <metrics loc="18" ncloc="10" classes="0" methods="0" coveredmethods="0" conditionals="0" coveredconditionals="0" statements="0" coveredstatements="0" elements="0" coveredelements="0"/>
    </file>
    <package name="Ahlin\Bundle\MailerBundle\Renderer">
      <file name="/Users/tomaz/Web/tomazahlin/symfony-mailer-bundle/src/Ahlin/Bundle/MailerBundle/Renderer/Renderer.php">
        <class name="Renderer" namespace="Ahlin\Bundle\MailerBundle\Renderer">
          <metrics methods="4" coveredmethods="3" conditionals="0" coveredconditionals="0" statements="27" coveredstatements="20" elements="31" coveredelements="23"/>
        </class>
        <line num="65" type="method" name="__construct" crap="1" count="5"/>
        <line num="74" type="stmt" count="5"/>
        <line num="75" type="stmt" count="5"/>
        <line num="76" type="stmt" count="5"/>
        <line num="77" type="stmt" count="5"/>
        <line num="78" type="stmt" count="5"/>
        <line num="79" type="stmt" count="5"/>
        <line num="80" type="stmt" count="5"/>
        <line num="81" type="stmt" count="5"/>
        <line num="86" type="method" name="addMapping" crap="1" count="3"/>
        <line num="88" type="stmt" count="3"/>
        <line num="89" type="stmt" count="3"/>
        <line num="96" type="method" name="render" crap="3.37" count="3"/>
        <line num="98" type="stmt" count="3"/>
        <line num="100" type="stmt" count="2"/>
        <line num="103" type="stmt" count="2"/>
        <line num="104" type="stmt" count="0"/>
        <line num="105" type="stmt" count="0"/>
        <line num="106" type="stmt" count="0"/>
        <line num="108" type="stmt" count="0"/>
        <line num="109" type="stmt" count="0"/>
        <line num="110" type="stmt" count="0"/>
        <line num="112" type="stmt" count="0"/>
        <line num="121" type="method" name="getViewData" crap="4" count="3"/>
        <line num="123" type="stmt" count="3"/>
        <line num="124" type="stmt" count="2"/>
        <line num="125" type="stmt" count="1"/>
        <line num="127" type="stmt" count="3"/>
        <line num="129" type="stmt" count="2"/>
        <line num="130" type="stmt" count="1"/>
        <line num="133" type="stmt" count="1"/>
        <metrics loc="135" ncloc="82" classes="1" methods="4" coveredmethods="3" conditionals="0" coveredconditionals="0" statements="27" coveredstatements="20" elements="31" coveredelements="23"/>
      </file>
    </package>
    <file name="/Users/tomaz/Web/tomazahlin/symfony-mailer-bundle/src/Ahlin/Bundle/MailerBundle/Renderer/RendererInterface.php">
      <metrics loc="25" ncloc="14" classes="0" methods="0" coveredmethods="0" conditionals="0" coveredconditionals="0" statements="0" coveredstatements="0" elements="0" coveredelements="0"/>
    </file>
    <metrics files="25" loc="1155" ncloc="718" classes="18" methods="51" coveredmethods="39" conditionals="0" coveredconditionals="0" statements="181" coveredstatements="125" elements="232" coveredelements="164"/>
  </project>
</coverage>
